EMAX,EAVG,ECONT-0.19206E+01 0.18846E-01 0.12726E-01 FLOW 0.21205E+03STEP    5AT   30  268   28
EMAX,EAVG,ECONT 0.15349E+01 0.16364E-01 0.15463E-01 FLOW 0.21211E+03STEP   10AT    1  571   30
EMAX,EAVG,ECONT 0.12013E+01 0.14952E-01 0.16510E-01 FLOW 0.21219E+03STEP   15AT    1  571   30
EMAX,EAVG,ECONT 0.96142E+00 0.13930E-01 0.16242E-01 FLOW 0.21228E+03STEP   20AT    1  571   30
EMAX,EAVG,ECONT-0.90773E+00 0.12840E-01 0.14939E-01 FLOW 0.21238E+03STEP   25AT   30  579    1
EMAX,EAVG,ECONT 0.68067E+00 0.11800E-01 0.13120E-01 FLOW 0.21247E+03STEP   30AT   30  579    2
EMAX,EAVG,ECONT 0.63854E+00 0.11233E-01 0.11213E-01 FLOW 0.21256E+03STEP   35AT    1  572   29
EMAX,EAVG,ECONT 0.47847E+00 0.10864E-01 0.97101E-02 FLOW 0.21262E+03STEP   40AT    1  573   30
EMAX,EAVG,ECONT 0.32990E+00 0.10339E-01 0.97955E-02 FLOW 0.21267E+03STEP   45AT    1  573   30
EMAX,EAVG,ECONT 0.31852E+00 0.97928E-02 0.97998E-02 FLOW 0.21270E+03STEP   50AT    1  574   30
EMAX,EAVG,ECONT-0.30297E+00 0.92813E-02 0.97489E-02 FLOW 0.21271E+03STEP   55AT    1  572   30
EMAX,EAVG,ECONT-0.40959E+00 0.87351E-02 0.96685E-02 FLOW 0.21270E+03STEP   60AT    1  571   28
EMAX,EAVG,ECONT-0.57358E+00 0.82524E-02 0.98214E-02 FLOW 0.21267E+03STEP   65AT    1  573   30
EMAX,EAVG,ECONT-0.57274E+00 0.79644E-02 0.10055E-01 FLOW 0.21263E+03STEP   70AT    1  573   30
EMAX,EAVG,ECONT-0.53654E+00 0.78278E-02 0.10112E-01 FLOW 0.21257E+03STEP   75AT    1  573   30
EMAX,EAVG,ECONT-0.43874E+00 0.78434E-02 0.99096E-02 FLOW 0.21250E+03STEP   80AT    1  573   30
EMAX,EAVG,ECONT-0.46234E+00 0.80788E-02 0.94143E-02 FLOW 0.21242E+03STEP   85AT    1  574   30
EMAX,EAVG,ECONT 0.51092E+00 0.84011E-02 0.92499E-02 FLOW 0.21232E+03STEP   90AT   29  627   17
EMAX,EAVG,ECONT 0.59212E+00 0.87630E-02 0.90394E-02 FLOW 0.21222E+03STEP   95AT   29  627   17
EMAX,EAVG,ECONT 0.65182E+00 0.92209E-02 0.86638E-02 FLOW 0.21211E+03STEP  100AT   29  627   17
EMAX,EAVG,ECONT 0.54993E+00 0.92714E-02 0.83860E-02 FLOW 0.21199E+03STEP  105AT   30  473   30
EMAX,EAVG,ECONT 0.53882E+00 0.93025E-02 0.82711E-02 FLOW 0.21188E+03STEP  110AT   30  473   30
EMAX,EAVG,ECONT-0.65680E+00 0.93518E-02 0.82315E-02 FLOW 0.21176E+03STEP  115AT    1  570   30
EMAX,EAVG,ECONT-0.58544E+00 0.93661E-02 0.82673E-02 FLOW 0.21164E+03STEP  120AT    1  570   30
EMAX,EAVG,ECONT-0.49828E+00 0.93642E-02 0.86999E-02 FLOW 0.21154E+03STEP  125AT    1  571   30
EMAX,EAVG,ECONT-0.46817E+00 0.93961E-02 0.89334E-02 FLOW 0.21146E+03STEP  130AT    1  571   30
EMAX,EAVG,ECONT-0.45575E+00 0.94374E-02 0.89469E-02 FLOW 0.21139E+03STEP  135AT    1  571   28
EMAX,EAVG,ECONT 0.44675E+00 0.94318E-02 0.87897E-02 FLOW 0.21134E+03STEP  140AT    1  571   28
EMAX,EAVG,ECONT-0.46654E+00 0.93283E-02 0.85257E-02 FLOW 0.21131E+03STEP  145AT   29  268   27
EMAX,EAVG,ECONT 0.43662E+00 0.91265E-02 0.80338E-02 FLOW 0.21130E+03STEP  150AT   29  268   27
EMAX,EAVG,ECONT-0.45152E+00 0.88520E-02 0.75022E-02 FLOW 0.21130E+03STEP  155AT   29  268   27
EMAX,EAVG,ECONT 0.36045E+00 0.84961E-02 0.70158E-02 FLOW 0.21132E+03STEP  160AT   30  476   26
EMAX,EAVG,ECONT-0.36638E+00 0.81483E-02 0.65664E-02 FLOW 0.21134E+03STEP  165AT   30  476   26
EMAX,EAVG,ECONT-0.30695E+00 0.78608E-02 0.61535E-02 FLOW 0.21137E+03STEP  170AT   13  600    5
EMAX,EAVG,ECONT-0.31337E+00 0.76076E-02 0.57722E-02 FLOW 0.21141E+03STEP  175AT   13  600    6
EMAX,EAVG,ECONT-0.32211E+00 0.74187E-02 0.53949E-02 FLOW 0.21146E+03STEP  180AT   14  603    5
EMAX,EAVG,ECONT-0.33441E+00 0.72942E-02 0.49939E-02 FLOW 0.21152E+03STEP  185AT   14  603    5
EMAX,EAVG,ECONT-0.34277E+00 0.72166E-02 0.45483E-02 FLOW 0.21159E+03STEP  190AT   14  603    5
EMAX,EAVG,ECONT-0.34723E+00 0.71722E-02 0.43970E-02 FLOW 0.21168E+03STEP  195AT   14  603    5
EMAX,EAVG,ECONT-0.35183E+00 0.71458E-02 0.43431E-02 FLOW 0.21176E+03STEP  200AT   14  603    6
EMAX,EAVG,ECONT-0.35489E+00 0.71021E-02 0.42477E-02 FLOW 0.21186E+03STEP  205AT   14  603    6
EMAX,EAVG,ECONT-0.35288E+00 0.70189E-02 0.41267E-02 FLOW 0.21196E+03STEP  210AT   14  603    6
EMAX,EAVG,ECONT-0.34721E+00 0.69013E-02 0.40067E-02 FLOW 0.21205E+03STEP  215AT   14  604    6
EMAX,EAVG,ECONT-0.34099E+00 0.67550E-02 0.39079E-02 FLOW 0.21214E+03STEP  220AT   14  604    6
EMAX,EAVG,ECONT-0.33083E+00 0.65884E-02 0.38284E-02 FLOW 0.21222E+03STEP  225AT   14  604    6
EMAX,EAVG,ECONT-0.32580E+00 0.64175E-02 0.37491E-02 FLOW 0.21229E+03STEP  230AT   15  606    6
EMAX,EAVG,ECONT-0.32869E+00 0.62551E-02 0.36395E-02 FLOW 0.21234E+03STEP  235AT   15  606    6
EMAX,EAVG,ECONT-0.32494E+00 0.61125E-02 0.36797E-02 FLOW 0.21238E+03STEP  240AT   15  606    6
EMAX,EAVG,ECONT-0.32425E+00 0.59924E-02 0.37212E-02 FLOW 0.21240E+03STEP  245AT   15  608    6
EMAX,EAVG,ECONT-0.32988E+00 0.58899E-02 0.39617E-02 FLOW 0.21240E+03STEP  250AT   15  608    6
EMAX,EAVG,ECONT 0.43136E+00 0.58227E-02 0.42118E-02 FLOW 0.21239E+03STEP  255AT    1  571   28
EMAX,EAVG,ECONT-0.39805E+00 0.57344E-02 0.44416E-02 FLOW 0.21237E+03STEP  260AT    1  571   28
EMAX,EAVG,ECONT 0.41258E+00 0.56460E-02 0.46315E-02 FLOW 0.21234E+03STEP  265AT    1  571   28
EMAX,EAVG,ECONT-0.40261E+00 0.55572E-02 0.47640E-02 FLOW 0.21230E+03STEP  270AT    1  571   28
EMAX,EAVG,ECONT 0.39693E+00 0.54591E-02 0.48302E-02 FLOW 0.21225E+03STEP  275AT    1  571   28
EMAX,EAVG,ECONT-0.40237E+00 0.53524E-02 0.48199E-02 FLOW 0.21221E+03STEP  280AT    1  571   28
EMAX,EAVG,ECONT 0.39327E+00 0.52397E-02 0.47387E-02 FLOW 0.21216E+03STEP  285AT    1  571   28
EMAX,EAVG,ECONT-0.40442E+00 0.51236E-02 0.45832E-02 FLOW 0.21212E+03STEP  290AT    1  571   28
EMAX,EAVG,ECONT 0.39868E+00 0.50095E-02 0.44059E-02 FLOW 0.21208E+03STEP  295AT    1  571   28
EMAX,EAVG,ECONT-0.25599E+00 0.48845E-02 0.44019E-02 FLOW 0.21205E+03STEP  300AT   15  611    7
EMAX,EAVG,ECONT 0.25575E+00 0.47918E-02 0.43482E-02 FLOW 0.21202E+03STEP  305AT   12  609    5
EMAX,EAVG,ECONT 0.26270E+00 0.47084E-02 0.42830E-02 FLOW 0.21201E+03STEP  310AT   12  609    5
EMAX,EAVG,ECONT 0.26571E+00 0.46298E-02 0.41016E-02 FLOW 0.21201E+03STEP  315AT   12  610    5
EMAX,EAVG,ECONT 0.26244E+00 0.45587E-02 0.40478E-02 FLOW 0.21202E+03STEP  320AT   12  610    5
EMAX,EAVG,ECONT 0.25470E+00 0.44912E-02 0.39948E-02 FLOW 0.21203E+03STEP  325AT   12  610    5
EMAX,EAVG,ECONT 0.24486E+00 0.44225E-02 0.39294E-02 FLOW 0.21206E+03STEP  330AT   12  611    5
EMAX,EAVG,ECONT-0.24110E+00 0.43554E-02 0.38186E-02 FLOW 0.21209E+03STEP  335AT    9  638    9
EMAX,EAVG,ECONT-0.24785E+00 0.42865E-02 0.37733E-02 FLOW 0.21212E+03STEP  340AT    9  638    9
EMAX,EAVG,ECONT-0.25340E+00 0.42183E-02 0.40413E-02 FLOW 0.21216E+03STEP  345AT    9  638    9
EMAX,EAVG,ECONT-0.25770E+00 0.41512E-02 0.42662E-02 FLOW 0.21219E+03STEP  350AT    9  638    9
EMAX,EAVG,ECONT-0.26059E+00 0.40838E-02 0.44408E-02 FLOW 0.21223E+03STEP  355AT    9  638    9
EMAX,EAVG,ECONT 0.26268E+00 0.40163E-02 0.45684E-02 FLOW 0.21226E+03STEP  360AT   15  608    5
EMAX,EAVG,ECONT 0.26966E+00 0.39458E-02 0.46448E-02 FLOW 0.21229E+03STEP  365AT   15  608    5
EMAX,EAVG,ECONT 0.27342E+00 0.38726E-02 0.46720E-02 FLOW 0.21231E+03STEP  370AT   15  608    5
EMAX,EAVG,ECONT-0.44328E+00 0.38168E-02 0.46499E-02 FLOW 0.21233E+03STEP  375AT    1  571   28
EMAX,EAVG,ECONT 0.44609E+00 0.37469E-02 0.45785E-02 FLOW 0.21234E+03STEP  380AT    1  571   28
EMAX,EAVG,ECONT-0.44585E+00 0.36804E-02 0.45781E-02 FLOW 0.21235E+03STEP  385AT    1  571   28
EMAX,EAVG,ECONT 0.44369E+00 0.36227E-02 0.46139E-02 FLOW 0.21235E+03STEP  390AT    1  571   28
EMAX,EAVG,ECONT-0.44428E+00 0.35695E-02 0.45754E-02 FLOW 0.21234E+03STEP  395AT    1  571   28
EMAX,EAVG,ECONT 0.43709E+00 0.35256E-02 0.44703E-02 FLOW 0.21233E+03STEP  400AT    1  571   28
EMAX,EAVG,ECONT-0.43848E+00 0.34859E-02 0.43100E-02 FLOW 0.21231E+03STEP  405AT    1  571   28
EMAX,EAVG,ECONT 0.42991E+00 0.34530E-02 0.41062E-02 FLOW 0.21229E+03STEP  410AT    1  571   28
EMAX,EAVG,ECONT-0.43284E+00 0.34208E-02 0.38733E-02 FLOW 0.21227E+03STEP  415AT    1  571   28
EMAX,EAVG,ECONT 0.42386E+00 0.33928E-02 0.36249E-02 FLOW 0.21225E+03STEP  420AT    1  571   28
EMAX,EAVG,ECONT-0.42764E+00 0.33619E-02 0.33686E-02 FLOW 0.21223E+03STEP  425AT    1  571   28
EMAX,EAVG,ECONT 0.41899E+00 0.33312E-02 0.31166E-02 FLOW 0.21221E+03STEP  430AT    1  571   28
EMAX,EAVG,ECONT-0.42283E+00 0.32938E-02 0.28698E-02 FLOW 0.21220E+03STEP  435AT    1  571   28
EMAX,EAVG,ECONT 0.41528E+00 0.32553E-02 0.27502E-02 FLOW 0.21219E+03STEP  440AT    1  571   28
EMAX,EAVG,ECONT-0.41906E+00 0.32078E-02 0.27608E-02 FLOW 0.21218E+03STEP  445AT    1  571   28
EMAX,EAVG,ECONT 0.41311E+00 0.31592E-02 0.27158E-02 FLOW 0.21217E+03STEP  450AT    1  571   28
EMAX,EAVG,ECONT-0.41724E+00 0.31017E-02 0.26421E-02 FLOW 0.21217E+03STEP  455AT    1  571   28
EMAX,EAVG,ECONT 0.41299E+00 0.30431E-02 0.26459E-02 FLOW 0.21217E+03STEP  460AT    1  571   28
EMAX,EAVG,ECONT-0.41758E+00 0.29782E-02 0.26981E-02 FLOW 0.21217E+03STEP  465AT    1  571   28
EMAX,EAVG,ECONT 0.41514E+00 0.29151E-02 0.28523E-02 FLOW 0.21218E+03STEP  470AT    1  571   28
EMAX,EAVG,ECONT-0.41994E+00 0.28477E-02 0.30223E-02 FLOW 0.21219E+03STEP  475AT    1  571   28
EMAX,EAVG,ECONT 0.41878E+00 0.27844E-02 0.32028E-02 FLOW 0.21220E+03STEP  480AT    1  571   28
EMAX,EAVG,ECONT-0.42343E+00 0.27208E-02 0.33894E-02 FLOW 0.21221E+03STEP  485AT    1  571   28
EMAX,EAVG,ECONT 0.42284E+00 0.26629E-02 0.35739E-02 FLOW 0.21221E+03STEP  490AT    1  571   28
EMAX,EAVG,ECONT-0.42722E+00 0.26064E-02 0.37543E-02 FLOW 0.21222E+03STEP  495AT    1  571   28
EMAX,EAVG,ECONT 0.42671E+00 0.25572E-02 0.39253E-02 FLOW 0.21223E+03STEP  500AT    1  571   28
EMAX,EAVG,ECONT-0.43089E+00 0.25111E-02 0.40817E-02 FLOW 0.21224E+03STEP  505AT    1  571   28
EMAX,EAVG,ECONT 0.43028E+00 0.24718E-02 0.42185E-02 FLOW 0.21225E+03STEP  510AT    1  571   28
EMAX,EAVG,ECONT-0.43432E+00 0.24326E-02 0.43305E-02 FLOW 0.21225E+03STEP  515AT    1  571   28
EMAX,EAVG,ECONT 0.43348E+00 0.23986E-02 0.44174E-02 FLOW 0.21225E+03STEP  520AT    1  571   28
EMAX,EAVG,ECONT 0.25108E+00 0.23488E-02 0.44813E-02 FLOW 0.21225E+03STEP  525AT   29  268   27
EMAX,EAVG,ECONT-0.25356E+00 0.23180E-02 0.45220E-02 FLOW 0.21225E+03STEP  530AT   29  268   27
EMAX,EAVG,ECONT 0.25121E+00 0.22882E-02 0.45395E-02 FLOW 0.21225E+03STEP  535AT   29  268   27
EMAX,EAVG,ECONT-0.25349E+00 0.22605E-02 0.45401E-02 FLOW 0.21225E+03STEP  540AT   29  268   27
EMAX,EAVG,ECONT 0.25160E+00 0.22333E-02 0.45264E-02 FLOW 0.21224E+03STEP  545AT   29  268   27
EMAX,EAVG,ECONT-0.25390E+00 0.22074E-02 0.45025E-02 FLOW 0.21224E+03STEP  550AT   29  268   27
EMAX,EAVG,ECONT 0.25189E+00 0.21836E-02 0.44718E-02 FLOW 0.21223E+03STEP  555AT   29  268   27
EMAX,EAVG,ECONT-0.25376E+00 0.21611E-02 0.44349E-02 FLOW 0.21223E+03STEP  560AT   29  268   27
EMAX,EAVG,ECONT 0.25181E+00 0.21416E-02 0.44000E-02 FLOW 0.21222E+03STEP  565AT   29  268   27
EMAX,EAVG,ECONT-0.25377E+00 0.21250E-02 0.43640E-02 FLOW 0.21222E+03STEP  570AT   29  268   27
EMAX,EAVG,ECONT 0.25219E+00 0.21107E-02 0.43362E-02 FLOW 0.21221E+03STEP  575AT   29  268   27
EMAX,EAVG,ECONT-0.25427E+00 0.20974E-02 0.43133E-02 FLOW 0.21221E+03STEP  580AT   29  268   27
EMAX,EAVG,ECONT 0.25289E+00 0.20830E-02 0.43012E-02 FLOW 0.21220E+03STEP  585AT   29  268   27
EMAX,EAVG,ECONT 0.18043E+00 0.20678E-02 0.43001E-02 FLOW 0.21220E+03STEP  590AT    9  640    8
EMAX,EAVG,ECONT 0.17679E+00 0.20529E-02 0.43139E-02 FLOW 0.21220E+03STEP  595AT    9  640    8
EMAX,EAVG,ECONT 0.17186E+00 0.20384E-02 0.43395E-02 FLOW 0.21220E+03STEP  600AT    9  640    8
EMAX,EAVG,ECONT 0.16578E+00 0.20233E-02 0.43789E-02 FLOW 0.21221E+03STEP  605AT    9  641    8
EMAX,EAVG,ECONT 0.16327E+00 0.20077E-02 0.44282E-02 FLOW 0.21221E+03STEP  610AT    9  641    8
EMAX,EAVG,ECONT 0.15946E+00 0.19907E-02 0.44875E-02 FLOW 0.21221E+03STEP  615AT    9  641    8
EMAX,EAVG,ECONT 0.15442E+00 0.19727E-02 0.45528E-02 FLOW 0.21222E+03STEP  620AT    9  641    8
EMAX,EAVG,ECONT 0.14818E+00 0.19500E-02 0.46225E-02 FLOW 0.21223E+03STEP  625AT    9  641    8
EMAX,EAVG,ECONT-0.14251E+00 0.19271E-02 0.46929E-02 FLOW 0.21223E+03STEP  630AT   13  601    7
EMAX,EAVG,ECONT-0.14317E+00 0.19016E-02 0.47628E-02 FLOW 0.21224E+03STEP  635AT   13  601    7
EMAX,EAVG,ECONT-0.14350E+00 0.18763E-02 0.48277E-02 FLOW 0.21225E+03STEP  640AT   13  601    7
EMAX,EAVG,ECONT-0.14290E+00 0.18526E-02 0.48879E-02 FLOW 0.21225E+03STEP  645AT   13  601    7
EMAX,EAVG,ECONT-0.15106E+00 0.18319E-02 0.49408E-02 FLOW 0.21226E+03STEP  650AT   14  591    7
EMAX,EAVG,ECONT-0.14662E+00 0.18141E-02 0.49863E-02 FLOW 0.21227E+03STEP  655AT    9  633    1
EMAX,EAVG,ECONT-0.15402E+00 0.17990E-02 0.50225E-02 FLOW 0.21227E+03STEP  660AT    9  633    1
EMAX,EAVG,ECONT-0.15801E+00 0.17862E-02 0.50523E-02 FLOW 0.21227E+03STEP  665AT    9  633    1
EMAX,EAVG,ECONT-0.15856E+00 0.17747E-02 0.50751E-02 FLOW 0.21227E+03STEP  670AT    9  633    1
EMAX,EAVG,ECONT-0.15579E+00 0.17642E-02 0.50874E-02 FLOW 0.21228E+03STEP  675AT    9  633    1
EMAX,EAVG,ECONT-0.15486E+00 0.17534E-02 0.50945E-02 FLOW 0.21228E+03STEP  680AT   30  473   30
EMAX,EAVG,ECONT 0.27184E+00 0.17440E-02 0.50952E-02 FLOW 0.21228E+03STEP  685AT   29  268   27
EMAX,EAVG,ECONT-0.27657E+00 0.17327E-02 0.50886E-02 FLOW 0.21227E+03STEP  690AT   29  268   27
EMAX,EAVG,ECONT 0.27432E+00 0.17208E-02 0.50774E-02 FLOW 0.21227E+03STEP  695AT   29  268   27
EMAX,EAVG,ECONT-0.27819E+00 0.17071E-02 0.50623E-02 FLOW 0.21227E+03STEP  700AT   29  268   27
EMAX,EAVG,ECONT 0.27648E+00 0.16936E-02 0.50431E-02 FLOW 0.21227E+03STEP  705AT   29  268   27
EMAX,EAVG,ECONT-0.27970E+00 0.16781E-02 0.50236E-02 FLOW 0.21227E+03STEP  710AT   29  268   27
EMAX,EAVG,ECONT 0.27868E+00 0.16615E-02 0.50033E-02 FLOW 0.21226E+03STEP  715AT   29  268   27
EMAX,EAVG,ECONT-0.28152E+00 0.16441E-02 0.49841E-02 FLOW 0.21226E+03STEP  720AT   29  268   27
EMAX,EAVG,ECONT 0.28117E+00 0.16266E-02 0.49694E-02 FLOW 0.21226E+03STEP  725AT   29  268   27
EMAX,EAVG,ECONT-0.28361E+00 0.16088E-02 0.49582E-02 FLOW 0.21226E+03STEP  730AT   29  268   27
EMAX,EAVG,ECONT 0.28380E+00 0.15908E-02 0.49516E-02 FLOW 0.21226E+03STEP  735AT   29  268   27
EMAX,EAVG,ECONT-0.28612E+00 0.15711E-02 0.49511E-02 FLOW 0.21226E+03STEP  740AT   29  268   27
EMAX,EAVG,ECONT 0.28665E+00 0.15497E-02 0.49567E-02 FLOW 0.21226E+03STEP  745AT   29  268   27
EMAX,EAVG,ECONT-0.28896E+00 0.15259E-02 0.49672E-02 FLOW 0.21226E+03STEP  750AT   29  268   27
EMAX,EAVG,ECONT 0.28959E+00 0.15020E-02 0.49817E-02 FLOW 0.21227E+03STEP  755AT   29  268   27
EMAX,EAVG,ECONT-0.29183E+00 0.14772E-02 0.50016E-02 FLOW 0.21227E+03STEP  760AT   29  268   27
EMAX,EAVG,ECONT 0.29271E+00 0.14538E-02 0.50244E-02 FLOW 0.21228E+03STEP  765AT   29  268   27
EMAX,EAVG,ECONT-0.29475E+00 0.14302E-02 0.50504E-02 FLOW 0.21228E+03STEP  770AT   29  268   27
EMAX,EAVG,ECONT 0.29463E+00 0.14075E-02 0.50773E-02 FLOW 0.21228E+03STEP  775AT   29  268   27
EMAX,EAVG,ECONT-0.29565E+00 0.13853E-02 0.51059E-02 FLOW 0.21229E+03STEP  780AT   29  268   27
EMAX,EAVG,ECONT 0.29513E+00 0.13653E-02 0.51330E-02 FLOW 0.21229E+03STEP  785AT   29  268   27
EMAX,EAVG,ECONT 0.29566E+00 0.13467E-02 0.51593E-02 FLOW 0.21230E+03STEP  790AT   29  268   27
EMAX,EAVG,ECONT-0.29636E+00 0.13293E-02 0.51806E-02 FLOW 0.21230E+03STEP  795AT   29  268   27
EMAX,EAVG,ECONT-0.12791E+00 0.13108E-02 0.51976E-02 FLOW 0.21230E+03STEP  800AT   30  473   30
EMAX,EAVG,ECONT-0.12501E+00 0.12962E-02 0.52106E-02 FLOW 0.21231E+03STEP  805AT   30  473   30
EMAX,EAVG,ECONT 0.29680E+00 0.12851E-02 0.52157E-02 FLOW 0.21231E+03STEP  810AT   29  268   27
EMAX,EAVG,ECONT-0.29773E+00 0.12751E-02 0.52176E-02 FLOW 0.21231E+03STEP  815AT   29  268   27
EMAX,EAVG,ECONT 0.18339E+00 0.12673E-02 0.52165E-02 FLOW 0.21231E+03STEP  820AT   28  268   27
EMAX,EAVG,ECONT-0.18532E+00 0.12599E-02 0.52099E-02 FLOW 0.21231E+03STEP  825AT   28  268   27
EMAX,EAVG,ECONT 0.29801E+00 0.12550E-02 0.52015E-02 FLOW 0.21231E+03STEP  830AT   29  268   27
EMAX,EAVG,ECONT 0.29869E+00 0.12495E-02 0.51895E-02 FLOW 0.21231E+03STEP  835AT   29  268   27
EMAX,EAVG,ECONT-0.29954E+00 0.12424E-02 0.51752E-02 FLOW 0.21231E+03STEP  840AT   29  268   27
EMAX,EAVG,ECONT 0.29940E+00 0.12341E-02 0.51590E-02 FLOW 0.21230E+03STEP  845AT   29  268   27
EMAX,EAVG,ECONT-0.30001E+00 0.12247E-02 0.51416E-02 FLOW 0.21230E+03STEP  850AT   29  268   27
EMAX,EAVG,ECONT-0.14422E+00 0.12137E-02 0.51234E-02 FLOW 0.21230E+03STEP  855AT   29  269   25
EMAX,EAVG,ECONT-0.12740E+00 0.12036E-02 0.51025E-02 FLOW 0.21230E+03STEP  860AT   30  267   30
EMAX,EAVG,ECONT-0.12871E+00 0.11940E-02 0.50815E-02 FLOW 0.21230E+03STEP  865AT   30  267   30
EMAX,EAVG,ECONT-0.12997E+00 0.11846E-02 0.50624E-02 FLOW 0.21230E+03STEP  870AT   30  267   30
EMAX,EAVG,ECONT-0.13131E+00 0.11748E-02 0.50433E-02 FLOW 0.21229E+03STEP  875AT   30  267   30
EMAX,EAVG,ECONT-0.13272E+00 0.11653E-02 0.50268E-02 FLOW 0.21229E+03STEP  880AT   30  267   30
EMAX,EAVG,ECONT-0.13415E+00 0.11557E-02 0.50130E-02 FLOW 0.21229E+03STEP  885AT   30  267   30
EMAX,EAVG,ECONT-0.13560E+00 0.11459E-02 0.50033E-02 FLOW 0.21229E+03STEP  890AT   30  267   30
EMAX,EAVG,ECONT-0.13701E+00 0.11360E-02 0.49973E-02 FLOW 0.21229E+03STEP  895AT   30  267   30
EMAX,EAVG,ECONT-0.13841E+00 0.11262E-02 0.49952E-02 FLOW 0.21229E+03STEP  900AT   30  267   30
EMAX,EAVG,ECONT-0.13980E+00 0.11169E-02 0.49985E-02 FLOW 0.21229E+03STEP  905AT   30  267   30
EMAX,EAVG,ECONT-0.14227E+00 0.11091E-02 0.50050E-02 FLOW 0.21229E+03STEP  910AT   30  267   30
EMAX,EAVG,ECONT-0.14467E+00 0.11005E-02 0.50178E-02 FLOW 0.21229E+03STEP  915AT   30  267   30
EMAX,EAVG,ECONT-0.14694E+00 0.10919E-02 0.50334E-02 FLOW 0.21229E+03STEP  920AT   30  267   30
EMAX,EAVG,ECONT-0.14906E+00 0.10827E-02 0.50544E-02 FLOW 0.21229E+03STEP  925AT   30  267   30
EMAX,EAVG,ECONT-0.15096E+00 0.10727E-02 0.50792E-02 FLOW 0.21229E+03STEP  930AT   30  267   30
EMAX,EAVG,ECONT 0.29632E+00 0.10638E-02 0.51075E-02 FLOW 0.21229E+03STEP  935AT   29  268   27
EMAX,EAVG,ECONT-0.29245E+00 0.10536E-02 0.51362E-02 FLOW 0.21230E+03STEP  940AT   29  268   27
EMAX,EAVG,ECONT 0.29424E+00 0.10445E-02 0.51671E-02 FLOW 0.21230E+03STEP  945AT   29  268   27
EMAX,EAVG,ECONT-0.29134E+00 0.10367E-02 0.51963E-02 FLOW 0.21230E+03STEP  950AT   29  268   27
EMAX,EAVG,ECONT 0.29184E+00 0.10300E-02 0.52253E-02 FLOW 0.21230E+03STEP  955AT   29  268   27
EMAX,EAVG,ECONT-0.28913E+00 0.10248E-02 0.52530E-02 FLOW 0.21230E+03STEP  960AT   29  268   27
EMAX,EAVG,ECONT 0.28913E+00 0.10203E-02 0.52788E-02 FLOW 0.21230E+03STEP  965AT   29  268   27
EMAX,EAVG,ECONT-0.28670E+00 0.10163E-02 0.53042E-02 FLOW 0.21230E+03STEP  970AT   29  268   27
EMAX,EAVG,ECONT 0.28604E+00 0.10131E-02 0.53267E-02 FLOW 0.21230E+03STEP  975AT   29  268   27
EMAX,EAVG,ECONT-0.56337E+00 0.10264E-02 0.53490E-02 FLOW 0.21231E+03STEP  980AT   15  587    2
EMAX,EAVG,ECONT-0.49443E+00 0.10209E-02 0.53676E-02 FLOW 0.21231E+03STEP  985AT   15  587    2
EMAX,EAVG,ECONT-0.42962E+00 0.10158E-02 0.53869E-02 FLOW 0.21231E+03STEP  990AT   15  587    2
EMAX,EAVG,ECONT 0.40831E+00 0.10082E-02 0.54027E-02 FLOW 0.21231E+03STEP  995AT    1  571   28
EMAX,EAVG,ECONT-0.40889E+00 0.10016E-02 0.54157E-02 FLOW 0.21231E+03STEP 1000AT    1  571   28
EMAX,EAVG,ECONT 0.40869E+00 0.99331E-03 0.54241E-02 FLOW 0.21231E+03STEP 1005AT    1  571   28
EMAX,EAVG,ECONT-0.40893E+00 0.99823E-03 0.54258E-02 FLOW 0.21231E+03STEP 1006AT    1  571   28
